<?xml version="1.0" encoding="UTF-8"?>
<!-- Generated by org.testng.reporters.JUnitReportReporter -->
<testsuite skipped="0" hostname="SAG-6LCP1Z2" name="SAG.E2EProject.HomePage" tests="2" failures="0" timestamp="2021-10-15T19:31:53 IST" time="8.012" errors="0">
  <testcase name="basePageNavigation" time="1.216" classname="SAG.E2EProject.HomePage"/>
  <system-out/>
  <testcase name="basePageNavigation" time="6.796" classname="SAG.E2EProject.HomePage"/>
  <system-out/>
</testsuite> <!-- SAG.E2EProject.HomePage -->
