<?xml version="1.0" encoding="UTF-8"?>
<!-- Generated by org.testng.reporters.JUnitReportReporter -->
<testsuite hostname="SAG-6LCP1Z2" failures="0" tests="2" name="testNGprac.test1" time="0.011" errors="0" timestamp="2021-10-08T09:46:57 IST" skipped="0">
  <testcase classname="testNGprac.test1" name="Test2" time="0.002"/>
  <system-out/>
  <testcase classname="testNGprac.test1" name="Test1" time="0.009"/>
  <system-out/>
</testsuite> <!-- testNGprac.test1 -->
