<?xml version="1.0" encoding="UTF-8"?>
<!-- Generated by org.testng.reporters.JUnitReportReporter -->
<testsuite hostname="SAG-6LCP1Z2" name="Cucumber.Automation.AppTest" tests="1" failures="0" timestamp="19 Oct 2021 03:30:19 GMT" time="0.000" errors="0">
  <testcase name="shouldAnswerWithTrue" time="0.000" classname="Cucumber.Automation.AppTest"/>
</testsuite> <!-- Cucumber.Automation.AppTest -->
