<?xml version="1.0" encoding="UTF-8"?>
<!-- Generated by org.testng.reporters.JUnitReportReporter -->
<testsuite hostname="SAG-6LCP1Z2" failures="0" tests="1" name="SAG.E2EProject.validateNavigationBar" time="0.061" errors="0" timestamp="2021-10-14T16:20:58 IST" skipped="0">
  <testcase classname="SAG.E2EProject.validateNavigationBar" name="validateAppNavBar" time="0.061"/>
  <system-out/>
</testsuite> <!-- SAG.E2EProject.validateNavigationBar -->
