<?xml version="1.0" encoding="UTF-8"?>
<!-- Generated by org.testng.reporters.JUnitReportReporter -->
<testsuite hostname="SAG-6LCP1Z2" failures="0" tests="2" name="SAG.E2EProject.HomePage" time="6.447" errors="0" timestamp="2021-10-14T22:36:54 IST" skipped="0">
  <testcase classname="SAG.E2EProject.HomePage" name="basePageNavigation" time="5.012"/>
  <system-out/>
  <testcase classname="SAG.E2EProject.HomePage" name="basePageNavigation" time="1.435"/>
  <system-out/>
</testsuite> <!-- SAG.E2EProject.HomePage -->
