<?xml version="1.0" encoding="UTF-8"?>
<!-- Generated by org.testng.reporters.JUnitReportReporter -->
<testsuite hostname="SAG-6LCP1Z2" failures="0" tests="1" name="loginTest" time="2.873" errors="0" timestamp="2021-10-10T22:28:35 IST" skipped="0">
  <testcase classname="loginTest" name="login" time="2.873"/>
  <system-out/>
</testsuite> <!-- loginTest -->
