<?xml version="1.0" encoding="UTF-8"?>
<!-- Generated by org.testng.reporters.JUnitReportReporter -->
<testsuite skipped="0" hostname="SAG-6LCP1Z2" name="RestAutomation.Demo.restassuredTests" tests="1" failures="0" timestamp="2021-10-21T17:26:43 IST" time="1.274" errors="0">
  <testcase name="getwheatherDetails" time="1.274" classname="RestAutomation.Demo.restassuredTests"/>
  <system-out/>
</testsuite> <!-- RestAutomation.Demo.restassuredTests -->
