<?xml version="1.0" encoding="UTF-8"?>
<!-- Generated by org.testng.reporters.JUnitReportReporter -->
<testsuite hostname="SAG-6LCP1Z2" failures="0" tests="1" name="testCases.loginToApp" time="4.078" errors="0" timestamp="2021-10-12T19:28:23 IST" skipped="0">
  <testcase classname="testCases.loginToApp" name="login" time="4.078"/>
  <system-out/>
</testsuite> <!-- testCases.loginToApp -->
