<?xml version="1.0" encoding="UTF-8"?>
<!-- Generated by org.testng.reporters.JUnitReportReporter -->
<testsuite skipped="0" hostname="SAG-6LCP1Z2" name="RestAutomation.Demo.restassuredTests" tests="2" failures="0" timestamp="2021-10-21T20:07:59 IST" time="3.571" errors="0">
  <testcase name="listusers" time="0.729" classname="RestAutomation.Demo.restassuredTests"/>
  <system-out/>
  <testcase name="getwheatherDetails" time="2.842" classname="RestAutomation.Demo.restassuredTests"/>
  <system-out/>
</testsuite> <!-- RestAutomation.Demo.restassuredTests -->
